\BOOKMARK [0][-]{chapter*.6}{Abbildungsverzeichnis}{}% 1
\BOOKMARK [0][-]{chapter*.7}{Tabellenverzeichnis}{}% 2
\BOOKMARK [0][-]{chapter*.8}{Quelltextverzeichnis}{}% 3
\BOOKMARK [0][-]{chapter*.9}{Algorithmenverzeichnis }{}% 4
\BOOKMARK [0][-]{chapter*.10}{Abk\374rzungsverzeichnis}{}% 5
\BOOKMARK [0][-]{chapter.1}{Einleitung}{}% 6
\BOOKMARK [1][-]{section.1.1}{Beispiel Abschnitt: LaTeX-Installation}{chapter.1}% 7
\BOOKMARK [2][-]{subsection.1.1.1}{Beispiel Unterabschnitt: Aufbau eines LaTeX-Dokuments}{section.1.1}% 8
\BOOKMARK [0][-]{chapter.2}{Beispiel-Kapitel: Gebrauchsanleitung LaTeX}{}% 9
\BOOKMARK [1][-]{section.2.1}{\334bersicht \374ber die Vorlage}{chapter.2}% 10
\BOOKMARK [1][-]{section.2.2}{\334bersetzung von LaTeX-Dateien}{chapter.2}% 11
\BOOKMARK [1][-]{section.2.3}{Verwendung von Akronymen}{chapter.2}% 12
\BOOKMARK [1][-]{section.2.4}{Zitieren von Quellen}{chapter.2}% 13
\BOOKMARK [1][-]{section.2.5}{Text in Anf\374hrungszeichen}{chapter.2}% 14
\BOOKMARK [1][-]{section.2.6}{Verwendung eines Index}{chapter.2}% 15
\BOOKMARK [1][-]{section.2.7}{Beispiele}{chapter.2}% 16
\BOOKMARK [2][-]{subsection.2.7.1}{Unterabschnitte}{section.2.7}% 17
\BOOKMARK [2][-]{subsection.2.7.2}{Tabellen und Abbildungen}{section.2.7}% 18
\BOOKMARK [2][-]{subsection.2.7.3}{Mathematische Formeln}{section.2.7}% 19
\BOOKMARK [2][-]{subsection.2.7.4}{Algorithmen}{section.2.7}% 20
\BOOKMARK [0][-]{chapter.3}{Beispiel-Kapitel: Noch ein Kapitel}{}% 21
\BOOKMARK [1][-]{section.3.1}{Abschnitt mit Coding}{chapter.3}% 22
\BOOKMARK [0][-]{chapter.4}{Zusammenfassung}{}% 23
\BOOKMARK [1][-]{section.4.1}{Fazit}{chapter.4}% 24
\BOOKMARK [1][-]{section.4.2}{Ausblick}{chapter.4}% 25
\BOOKMARK [0][-]{appendix.A}{Beispiel-Anhang: Testanhang}{}% 26
\BOOKMARK [1][-]{section.A.1}{Abschnitt im Anhang}{appendix.A}% 27
\BOOKMARK [0][-]{appendix.B}{Beispiel-Anhang: Noch ein Testanhang}{}% 28
\BOOKMARK [0][-]{chapter*.18}{Literaturverzeichnis}{}% 29
\BOOKMARK [0][-]{chapter*.18}{Index}{}% 30
